  astara.c
D:\360MoveData\Users\hasee\Desktop\OS\SH\include\stddef.h(26,23): error C2371: “size_t”: 重定义；不同的基类型
D:\c++learning\Lantern TD\astara.c : message : 参见“size_t”的声明
  ffun.c
D:\360MoveData\Users\hasee\Desktop\OS\SH\include\stddef.h(26,23): error C2371: “size_t”: 重定义；不同的基类型
D:\c++learning\Lantern TD\ffun.c : message : 参见“size_t”的声明
  Fun.c
D:\360MoveData\Users\hasee\Desktop\OS\SH\include\stddef.h(26,23): error C2371: “size_t”: 重定义；不同的基类型
D:\c++learning\Lantern TD\Fun.c : message : 参见“size_t”的声明
D:\c++learning\Lantern TD\Fun.c(1701,5): warning C4311: “类型强制转换”: 从“char *”到“int”的指针截断
D:\c++learning\Lantern TD\Fun.c(1713,5): warning C4311: “类型强制转换”: 从“char *”到“int”的指针截断
D:\c++learning\Lantern TD\Fun.c(1767,54): warning C4090: “函数”: 不同的“const”限定符
D:\c++learning\Lantern TD\Fun.c(1780,83): warning C4090: “函数”: 不同的“const”限定符
D:\c++learning\Lantern TD\Fun.c(1783,81): warning C4090: “函数”: 不同的“const”限定符
D:\c++learning\Lantern TD\Fun.c(1786,75): warning C4090: “函数”: 不同的“const”限定符
D:\c++learning\Lantern TD\Fun.c(1789,84): warning C4090: “函数”: 不同的“const”限定符
D:\c++learning\Lantern TD\Fun.c(1792,84): warning C4090: “函数”: 不同的“const”限定符
D:\c++learning\Lantern TD\Fun.c(1795,84): warning C4090: “函数”: 不同的“const”限定符
D:\c++learning\Lantern TD\Fun.c(1798,84): warning C4090: “函数”: 不同的“const”限定符
D:\c++learning\Lantern TD\Fun.c(1801,84): warning C4090: “函数”: 不同的“const”限定符
D:\c++learning\Lantern TD\Fun.c(1804,75): warning C4090: “函数”: 不同的“const”限定符
D:\c++learning\Lantern TD\Fun.c(1807,84): warning C4090: “函数”: 不同的“const”限定符
D:\c++learning\Lantern TD\Fun.c(1810,78): warning C4090: “函数”: 不同的“const”限定符
D:\c++learning\Lantern TD\Fun.c(1813,78): warning C4090: “函数”: 不同的“const”限定符
D:\c++learning\Lantern TD\Fun.c(1816,78): warning C4090: “函数”: 不同的“const”限定符
D:\c++learning\Lantern TD\Fun.c(1819,78): warning C4090: “函数”: 不同的“const”限定符
D:\c++learning\Lantern TD\Fun.c(1827,79): warning C4090: “函数”: 不同的“const”限定符
D:\c++learning\Lantern TD\Fun.c(1830,57): warning C4090: “函数”: 不同的“const”限定符
D:\c++learning\Lantern TD\Fun.c(1834,57): warning C4090: “函数”: 不同的“const”限定符
D:\c++learning\Lantern TD\Fun.c(1836,54): warning C4090: “函数”: 不同的“const”限定符
D:\c++learning\Lantern TD\Fun.c(1837,54): warning C4090: “函数”: 不同的“const”限定符
D:\c++learning\Lantern TD\Fun.c(1838,54): warning C4090: “函数”: 不同的“const”限定符
D:\c++learning\Lantern TD\Fun.c(2015,67): warning C4090: “函数”: 不同的“const”限定符
D:\c++learning\Lantern TD\Fun.c(2020,58): warning C4090: “函数”: 不同的“const”限定符
D:\c++learning\Lantern TD\Fun.c(2043,54): warning C4090: “函数”: 不同的“const”限定符
D:\c++learning\Lantern TD\Fun.c(2098,62): warning C4090: “函数”: 不同的“const”限定符
D:\c++learning\Lantern TD\Fun.c(2101,58): warning C4090: “函数”: 不同的“const”限定符
D:\c++learning\Lantern TD\Fun.c(2151,62): warning C4090: “函数”: 不同的“const”限定符
D:\c++learning\Lantern TD\Fun.c(2197,58): warning C4090: “函数”: 不同的“const”限定符
  LanternT.c
D:\360MoveData\Users\hasee\Desktop\OS\SH\include\stddef.h(26,23): error C2371: “size_t”: 重定义；不同的基类型
D:\c++learning\Lantern TD\LanternT.c : message : 参见“size_t”的声明
D:\c++learning\Lantern TD\LanternT.c(203,75): warning C4047: “函数”:“int *”与“int [37][37]”的间接级别不同
D:\c++learning\Lantern TD\LanternT.c(203,71): warning C4024: “Tower_Place”: 形参和实参 4 的类型不同
D:\c++learning\Lantern TD\LanternT.c(205,44): warning C4047: “函数”:“int *”与“int [37][37]”的间接级别不同
D:\c++learning\Lantern TD\LanternT.c(205,40): warning C4024: “Map_Initialization”: 形参和实参 1 的类型不同
D:\c++learning\Lantern TD\LanternT.c(209,39): warning C4047: “函数”:“int *”与“int [37][37]”的间接级别不同
D:\c++learning\Lantern TD\LanternT.c(209,35): warning C4024: “Open_Map”: 形参和实参 2 的类型不同
D:\c++learning\Lantern TD\LanternT.c(211,76): warning C4047: “函数”:“int *”与“int [37][37]”的间接级别不同
D:\c++learning\Lantern TD\LanternT.c(211,72): warning C4024: “Check_Status”: 形参和实参 4 的类型不同
D:\c++learning\Lantern TD\LanternT.c(222,17): warning C4083: 应输入“(”；找到标识符“_BR_Size”
D:\c++learning\Lantern TD\LanternT.c(224,17): warning C4081: 应输入“(”；找到“newline”
D:\c++learning\Lantern TD\LanternT.c(226,17): warning C4083: 应输入“(”；找到标识符“_TOP”
D:\c++learning\Lantern TD\LanternT.c(233,17): warning C4081: 应输入“(”；找到“newline”
  pine-ini.c
D:\360MoveData\Users\hasee\Desktop\OS\SH\include\stddef.h(26,23): error C2371: “size_t”: 重定义；不同的基类型
D:\c++learning\Lantern TD\pine-ini.c : message : 参见“size_t”的声明
  正在生成代码...
